[debug] [2025-07-03T11:56:06.576Z] : 
[debug] [2025-07-03T11:56:06.579Z] : ----------------------------------------------------------------------
[debug] [2025-07-03T11:56:06.579Z] : Command:      C:\Program Files\nodejs\node.exe C:\Users\deepa\AppData\Roaming\npm\node_modules\zcatalyst-cli\lib\bin\catalyst.js init
[debug] [2025-07-03T11:56:06.579Z] : CLI Version:  1.19.0
[debug] [2025-07-03T11:56:06.580Z] : Platform:     win32
[debug] [2025-07-03T11:56:06.580Z] : Node Version: v22.14.0
[debug] [2025-07-03T11:56:06.580Z] : Time:         Thu Jul 03 2025 17:26:06 GMT+0530 (India Standard Time)
[debug] [2025-07-03T11:56:06.580Z] : ----------------------------------------------------------------------
[debug] [2025-07-03T11:56:06.580Z] : 
[debug] [2025-07-03T11:56:06.986Z] : > authorizing via signed-in user option
[debug] [2025-07-03T11:56:06.987Z] : > command requires scopes: ["ZohoCatalyst.projects.ALL","ZohoCatalyst.projects.ALL","ZohoCatalyst.project.import.CREATE"]
[info] [2025-07-03T11:56:07.006Z] : 
      ___  
      \  \     ____           _             _                 _   
   ___ \  \   / ___|   __ _  | |_    __ _  | |  _   _   ___  | |_ 
  /  / /  /  | |      / _` | | __|  / _` | | | | | | | / __| | __|
 /  / /__/   | |___  | (_| | | |_  | (_| | | | | |_| | \__ \ | |_ 
 \  \         \____|  \__,_|  \__|  \__,_| |_|  \__, | |___/  \__|
  \__\                                          |___/       

You're about to initialize a Catalyst project in this directory:

  C:\Users\deepa\hrm\backend

[debug] [2025-07-03T11:56:07.024Z] : > refreshing access token <
[debug] [2025-07-03T11:56:07.026Z] : >>>> HTTP REQUEST : POST https://accounts.zoho.in/oauth/v2/token 
<request body omitted>

[debug] [2025-07-03T11:56:07.378Z] : <<<< HTTP RESPONSE : 200
Response Headers: {"server":"ZGS","date":"Thu, 03 Jul 2025 11:55:30 GMT","content-type":"application/json;charset=UTF-8","content-length":"2361","connection":"keep-alive","cache-control":"no-store","x-content-type-options":"nosniff","pragma":"no-cache","x-frame-options":"SAMEORIGIN","vary":"accept-encoding","content-language":"en-US","strict-transport-security":"max-age=64072000; includeSubDomains; preload"}

[debug] [2025-07-03T11:56:07.399Z] : >>>> HTTP REQUEST : GET https://api.catalyst.zoho.in/baas/v1/orgs 

[debug] [2025-07-03T11:56:07.694Z] : <<<< HTTP RESPONSE : 200
Response Headers: {"server":"ZGS","date":"Thu, 03 Jul 2025 11:55:30 GMT","content-type":"application/vnd.catalyst.v2+json","transfer-encoding":"chunked","connection":"keep-alive","x-content-type-options":"nosniff","cache-control":"private,no-cache,no-store,max-age=0,must-revalidate","pragma":"no-cache","expires":"Thu, 01 Jan 1970 00:00:00 GMT","x-frame-options":"DENY","strict-transport-security":"max-age=64072000; includeSubDomains; preload"}

[info] [2025-07-03T11:56:07.711Z] : i Setting up a new default project for this folder

[debug] [2025-07-03T11:56:07.713Z] : >>>> HTTP REQUEST : GET https://api.catalyst.zoho.in/baas/v1/project 

[debug] [2025-07-03T11:56:07.803Z] : <<<< HTTP RESPONSE : 200
Response Headers: {"server":"ZGS","date":"Thu, 03 Jul 2025 11:55:31 GMT","content-type":"application/vnd.catalyst.v2+json","transfer-encoding":"chunked","connection":"keep-alive","x-content-type-options":"nosniff","cache-control":"private,no-cache,no-store,max-age=0,must-revalidate","pragma":"no-cache","expires":"Thu, 01 Jan 1970 00:00:00 GMT","x-frame-options":"DENY","strict-transport-security":"max-age=64072000; includeSubDomains; preload"}

[debug] [2025-07-03T11:56:15.319Z] : >>>> HTTP REQUEST : GET https://api.catalyst.zoho.in/baas/v1/project/import 

[debug] [2025-07-03T11:56:15.535Z] : <<<< HTTP RESPONSE : 200
Response Headers: {"server":"ZGS","date":"Thu, 03 Jul 2025 11:55:38 GMT","content-type":"application/vnd.catalyst.v2+json","transfer-encoding":"chunked","connection":"keep-alive","x-content-type-options":"nosniff","cache-control":"private,no-cache,no-store,max-age=0,must-revalidate","pragma":"no-cache","expires":"Thu, 01 Jan 1970 00:00:00 GMT","x-frame-options":"DENY","strict-transport-security":"max-age=64072000; includeSubDomains; preload"}

